mode: atomic
github.com/yue9944882/kubernetes-client-lambda/lambda_error.go:3.39,6.12 2 0
github.com/yue9944882/kubernetes-client-lambda/lambda_error.go:11.2,11.10 1 0
github.com/yue9944882/kubernetes-client-lambda/lambda_error.go:6.12,7.32 1 0
github.com/yue9944882/kubernetes-client-lambda/lambda_error.go:7.32,9.4 1 0
github.com/yue9944882/kubernetes-client-lambda/lambda_error.go:14.45,15.25 1 0
github.com/yue9944882/kubernetes-client-lambda/lambda_error.go:18.2,18.23 1 0
github.com/yue9944882/kubernetes-client-lambda/lambda_error.go:15.25,16.22 1 0
github.com/yue9944882/kubernetes-client-lambda/lambda_error.go:21.38,23.2 1 22
github.com/yue9944882/kubernetes-client-lambda/lambda_operation.go:5.48,6.23 1 7
github.com/yue9944882/kubernetes-client-lambda/lambda_operation.go:9.2,9.31 1 7
github.com/yue9944882/kubernetes-client-lambda/lambda_operation.go:14.2,14.28 1 0
github.com/yue9944882/kubernetes-client-lambda/lambda_operation.go:6.23,8.3 1 0
github.com/yue9944882/kubernetes-client-lambda/lambda_operation.go:9.31,10.18 1 7
github.com/yue9944882/kubernetes-client-lambda/lambda_operation.go:10.18,12.4 1 7
github.com/yue9944882/kubernetes-client-lambda/lambda_operation.go:20.46,21.23 1 13
github.com/yue9944882/kubernetes-client-lambda/lambda_operation.go:24.2,26.31 3 13
github.com/yue9944882/kubernetes-client-lambda/lambda_operation.go:32.2,32.33 1 13
github.com/yue9944882/kubernetes-client-lambda/lambda_operation.go:21.23,23.3 1 0
github.com/yue9944882/kubernetes-client-lambda/lambda_operation.go:26.31,27.62 1 61
github.com/yue9944882/kubernetes-client-lambda/lambda_operation.go:27.62,30.4 2 49
github.com/yue9944882/kubernetes-client-lambda/lambda_operation.go:37.56,38.23 1 1
github.com/yue9944882/kubernetes-client-lambda/lambda_operation.go:41.2,43.31 3 1
github.com/yue9944882/kubernetes-client-lambda/lambda_operation.go:54.2,54.43 1 1
github.com/yue9944882/kubernetes-client-lambda/lambda_operation.go:38.23,40.3 1 0
github.com/yue9944882/kubernetes-client-lambda/lambda_operation.go:43.31,44.78 1 1
github.com/yue9944882/kubernetes-client-lambda/lambda_operation.go:44.78,45.63 1 1
github.com/yue9944882/kubernetes-client-lambda/lambda_operation.go:45.63,47.5 1 0
github.com/yue9944882/kubernetes-client-lambda/lambda_operation.go:47.5,49.5 1 1
github.com/yue9944882/kubernetes-client-lambda/lambda_operation.go:50.4,52.4 1 0
github.com/yue9944882/kubernetes-client-lambda/lambda_operation.go:58.46,59.23 1 0
github.com/yue9944882/kubernetes-client-lambda/lambda_operation.go:62.2,63.31 2 0
github.com/yue9944882/kubernetes-client-lambda/lambda_operation.go:70.2,70.30 1 0
github.com/yue9944882/kubernetes-client-lambda/lambda_operation.go:59.23,61.3 1 0
github.com/yue9944882/kubernetes-client-lambda/lambda_operation.go:63.31,64.78 1 0
github.com/yue9944882/kubernetes-client-lambda/lambda_operation.go:64.78,66.4 1 0
github.com/yue9944882/kubernetes-client-lambda/lambda_operation.go:66.4,68.4 1 0
github.com/yue9944882/kubernetes-client-lambda/lambda_operation.go:74.53,75.23 1 1
github.com/yue9944882/kubernetes-client-lambda/lambda_operation.go:78.2,79.31 2 1
github.com/yue9944882/kubernetes-client-lambda/lambda_operation.go:88.2,88.30 1 1
github.com/yue9944882/kubernetes-client-lambda/lambda_operation.go:75.23,77.3 1 0
github.com/yue9944882/kubernetes-client-lambda/lambda_operation.go:79.31,80.78 1 1
github.com/yue9944882/kubernetes-client-lambda/lambda_operation.go:80.78,81.79 1 1
github.com/yue9944882/kubernetes-client-lambda/lambda_operation.go:81.79,83.5 1 0
github.com/yue9944882/kubernetes-client-lambda/lambda_operation.go:83.5,85.5 1 1
github.com/yue9944882/kubernetes-client-lambda/lambda_operation.go:92.46,93.23 1 0
github.com/yue9944882/kubernetes-client-lambda/lambda_operation.go:96.2,97.31 2 0
github.com/yue9944882/kubernetes-client-lambda/lambda_operation.go:104.2,104.30 1 0
github.com/yue9944882/kubernetes-client-lambda/lambda_operation.go:93.23,95.3 1 0
github.com/yue9944882/kubernetes-client-lambda/lambda_operation.go:97.31,98.62 1 0
github.com/yue9944882/kubernetes-client-lambda/lambda_operation.go:98.62,100.4 1 0
github.com/yue9944882/kubernetes-client-lambda/lambda_operation.go:100.4,102.4 1 0
github.com/yue9944882/kubernetes-client-lambda/lambda_operation.go:108.53,109.23 1 0
github.com/yue9944882/kubernetes-client-lambda/lambda_operation.go:112.2,113.31 2 0
github.com/yue9944882/kubernetes-client-lambda/lambda_operation.go:122.2,122.30 1 0
github.com/yue9944882/kubernetes-client-lambda/lambda_operation.go:109.23,111.3 1 0
github.com/yue9944882/kubernetes-client-lambda/lambda_operation.go:113.31,114.78 1 0
github.com/yue9944882/kubernetes-client-lambda/lambda_operation.go:114.78,115.63 1 0
github.com/yue9944882/kubernetes-client-lambda/lambda_operation.go:115.63,117.5 1 0
github.com/yue9944882/kubernetes-client-lambda/lambda_operation.go:117.5,119.5 1 0
github.com/yue9944882/kubernetes-client-lambda/lambda_operation.go:127.54,128.23 1 0
github.com/yue9944882/kubernetes-client-lambda/lambda_operation.go:131.2,133.31 3 0
github.com/yue9944882/kubernetes-client-lambda/lambda_operation.go:148.2,148.41 1 0
github.com/yue9944882/kubernetes-client-lambda/lambda_operation.go:128.23,130.3 1 0
github.com/yue9944882/kubernetes-client-lambda/lambda_operation.go:133.31,134.79 1 0
github.com/yue9944882/kubernetes-client-lambda/lambda_operation.go:134.79,135.63 1 0
github.com/yue9944882/kubernetes-client-lambda/lambda_operation.go:135.63,137.5 1 0
github.com/yue9944882/kubernetes-client-lambda/lambda_operation.go:137.5,139.5 1 0
github.com/yue9944882/kubernetes-client-lambda/lambda_operation.go:140.4,141.61 1 0
github.com/yue9944882/kubernetes-client-lambda/lambda_operation.go:141.61,143.5 1 0
github.com/yue9944882/kubernetes-client-lambda/lambda_operation.go:143.5,145.5 1 0
github.com/yue9944882/kubernetes-client-lambda/lambda_operation.go:151.55,152.31 1 4
github.com/yue9944882/kubernetes-client-lambda/lambda_operation.go:157.2,157.13 1 4
github.com/yue9944882/kubernetes-client-lambda/lambda_operation.go:152.31,153.38 1 235
github.com/yue9944882/kubernetes-client-lambda/lambda_operation.go:153.38,155.4 1 0
github.com/yue9944882/kubernetes-client-lambda/lambda_operation.go:160.53,161.31 1 2
github.com/yue9944882/kubernetes-client-lambda/lambda_operation.go:166.2,166.14 1 0
github.com/yue9944882/kubernetes-client-lambda/lambda_operation.go:161.31,162.37 1 152
github.com/yue9944882/kubernetes-client-lambda/lambda_operation.go:162.37,164.4 1 2
github.com/yue9944882/kubernetes-client-lambda/lambda_operation.go:169.47,170.31 1 3
github.com/yue9944882/kubernetes-client-lambda/lambda_operation.go:170.31,172.3 1 111
github.com/yue9944882/kubernetes-client-lambda/mock.go:27.68,33.2 1 14
github.com/yue9944882/kubernetes-client-lambda/mock.go:36.32,40.2 3 0
github.com/yue9944882/kubernetes-client-lambda/mock.go:44.69,52.12 5 21
github.com/yue9944882/kubernetes-client-lambda/mock.go:60.2,60.8 1 21
github.com/yue9944882/kubernetes-client-lambda/mock.go:52.12,55.38 3 21
github.com/yue9944882/kubernetes-client-lambda/mock.go:58.3,58.12 1 21
github.com/yue9944882/kubernetes-client-lambda/mock.go:55.38,57.4 1 67
github.com/yue9944882/kubernetes-client-lambda/mock.go:66.45,73.12 4 3
github.com/yue9944882/kubernetes-client-lambda/mock.go:81.2,81.8 1 3
github.com/yue9944882/kubernetes-client-lambda/mock.go:73.12,76.38 3 3
github.com/yue9944882/kubernetes-client-lambda/mock.go:79.3,79.12 1 3
github.com/yue9944882/kubernetes-client-lambda/mock.go:76.38,78.4 1 2
github.com/yue9944882/kubernetes-client-lambda/mock.go:85.53,86.48 1 116
github.com/yue9944882/kubernetes-client-lambda/mock.go:89.2,91.44 2 116
github.com/yue9944882/kubernetes-client-lambda/mock.go:94.2,94.28 1 116
github.com/yue9944882/kubernetes-client-lambda/mock.go:99.2,100.11 2 116
github.com/yue9944882/kubernetes-client-lambda/mock.go:86.48,88.3 1 2
github.com/yue9944882/kubernetes-client-lambda/mock.go:91.44,93.3 1 2
github.com/yue9944882/kubernetes-client-lambda/mock.go:94.28,95.55 1 107
github.com/yue9944882/kubernetes-client-lambda/mock.go:95.55,97.4 1 2
github.com/yue9944882/kubernetes-client-lambda/mock.go:103.98,104.62 1 62
github.com/yue9944882/kubernetes-client-lambda/mock.go:107.2,110.18 4 13
github.com/yue9944882/kubernetes-client-lambda/mock.go:104.62,106.3 1 49
github.com/yue9944882/kubernetes-client-lambda/mock.go:113.64,116.44 3 1
github.com/yue9944882/kubernetes-client-lambda/mock.go:119.2,120.12 2 1
github.com/yue9944882/kubernetes-client-lambda/mock.go:116.44,118.3 1 0
github.com/yue9944882/kubernetes-client-lambda/mock.go:123.98,126.63 3 0
github.com/yue9944882/kubernetes-client-lambda/mock.go:129.2,130.18 2 0
github.com/yue9944882/kubernetes-client-lambda/mock.go:126.63,128.3 1 0
github.com/yue9944882/kubernetes-client-lambda/mock.go:133.83,136.45 3 2
github.com/yue9944882/kubernetes-client-lambda/mock.go:136.45,138.3 1 1
github.com/yue9944882/kubernetes-client-lambda/mock.go:138.3,140.3 1 1
github.com/yue9944882/kubernetes-client-lambda/mock.go:143.75,147.31 4 13
github.com/yue9944882/kubernetes-client-lambda/mock.go:150.2,150.19 1 13
github.com/yue9944882/kubernetes-client-lambda/mock.go:147.31,149.3 1 48
github.com/yue9944882/kubernetes-client-lambda/util.go:9.54,13.2 1 128
github.com/yue9944882/kubernetes-client-lambda/util.go:15.48,18.2 2 1
github.com/yue9944882/kubernetes-client-lambda/util.go:20.62,24.18 2 4
github.com/yue9944882/kubernetes-client-lambda/util.go:38.2,38.44 1 0
github.com/yue9944882/kubernetes-client-lambda/util.go:25.19,32.34 4 4
github.com/yue9944882/kubernetes-client-lambda/util.go:35.3,35.48 1 4
github.com/yue9944882/kubernetes-client-lambda/util.go:32.34,34.4 1 4
github.com/yue9944882/kubernetes-client-lambda/util.go:41.49,43.2 1 117
github.com/yue9944882/kubernetes-client-lambda/util.go:45.50,47.16 2 2
github.com/yue9944882/kubernetes-client-lambda/util.go:50.2,50.32 1 2
github.com/yue9944882/kubernetes-client-lambda/util.go:47.16,49.3 1 0
github.com/yue9944882/kubernetes-client-lambda/kubernetes.go:30.13,32.2 0 1
github.com/yue9944882/kubernetes-client-lambda/kubernetes.go:51.49,54.16 2 0
github.com/yue9944882/kubernetes-client-lambda/kubernetes.go:57.2,57.32 1 0
github.com/yue9944882/kubernetes-client-lambda/kubernetes.go:54.16,55.21 1 0
github.com/yue9944882/kubernetes-client-lambda/kubernetes.go:60.71,66.2 1 0
github.com/yue9944882/kubernetes-client-lambda/kubernetes.go:68.36,70.2 1 234
github.com/yue9944882/kubernetes-client-lambda/kubernetes.go:72.77,79.12 4 0
github.com/yue9944882/kubernetes-client-lambda/kubernetes.go:90.2,90.10 1 0
github.com/yue9944882/kubernetes-client-lambda/kubernetes.go:79.12,82.17 3 0
github.com/yue9944882/kubernetes-client-lambda/kubernetes.go:86.3,86.38 1 0
github.com/yue9944882/kubernetes-client-lambda/kubernetes.go:82.17,85.4 2 0
github.com/yue9944882/kubernetes-client-lambda/kubernetes.go:86.38,88.4 1 0
github.com/yue9944882/kubernetes-client-lambda/kubernetes.go:93.53,99.12 3 0
github.com/yue9944882/kubernetes-client-lambda/kubernetes.go:110.2,110.10 1 0
github.com/yue9944882/kubernetes-client-lambda/kubernetes.go:99.12,102.17 3 0
github.com/yue9944882/kubernetes-client-lambda/kubernetes.go:106.3,106.38 1 0
github.com/yue9944882/kubernetes-client-lambda/kubernetes.go:102.17,105.4 2 0
github.com/yue9944882/kubernetes-client-lambda/kubernetes.go:106.38,108.4 1 0
github.com/yue9944882/kubernetes-client-lambda/kubernetes.go:113.80,115.16 2 0
github.com/yue9944882/kubernetes-client-lambda/kubernetes.go:118.2,118.17 1 0
github.com/yue9944882/kubernetes-client-lambda/kubernetes.go:115.16,117.3 1 0
github.com/yue9944882/kubernetes-client-lambda/kubernetes.go:121.17,122.46 1 0
github.com/yue9944882/kubernetes-client-lambda/kubernetes.go:123.12,124.41 1 0
github.com/yue9944882/kubernetes-client-lambda/kubernetes.go:125.20,126.53 1 0
github.com/yue9944882/kubernetes-client-lambda/kubernetes.go:129.11,130.54 1 0
github.com/yue9944882/kubernetes-client-lambda/kubernetes.go:131.17,132.60 1 0
github.com/yue9944882/kubernetes-client-lambda/kubernetes.go:133.15,134.58 1 0
github.com/yue9944882/kubernetes-client-lambda/kubernetes.go:135.16,136.59 1 0
github.com/yue9944882/kubernetes-client-lambda/kubernetes.go:137.15,138.70 1 0
github.com/yue9944882/kubernetes-client-lambda/kubernetes.go:139.18,140.72 1 0
github.com/yue9944882/kubernetes-client-lambda/kubernetes.go:141.18,142.72 1 0
github.com/yue9944882/kubernetes-client-lambda/kubernetes.go:143.17,144.71 1 0
github.com/yue9944882/kubernetes-client-lambda/kubernetes.go:145.19,146.67 1 0
github.com/yue9944882/kubernetes-client-lambda/kubernetes.go:147.29,148.72 1 0
github.com/yue9944882/kubernetes-client-lambda/kubernetes.go:149.10,150.71 1 0
github.com/yue9944882/kubernetes-client-lambda/kubernetes.go:154.83,156.16 2 0
github.com/yue9944882/kubernetes-client-lambda/kubernetes.go:159.2,162.32 4 0
github.com/yue9944882/kubernetes-client-lambda/kubernetes.go:169.2,169.43 1 0
github.com/yue9944882/kubernetes-client-lambda/kubernetes.go:172.2,173.42 2 0
github.com/yue9944882/kubernetes-client-lambda/kubernetes.go:176.2,176.35 1 0
github.com/yue9944882/kubernetes-client-lambda/kubernetes.go:180.2,180.23 1 0
github.com/yue9944882/kubernetes-client-lambda/kubernetes.go:156.16,158.3 1 0
github.com/yue9944882/kubernetes-client-lambda/kubernetes.go:162.32,164.3 1 0
github.com/yue9944882/kubernetes-client-lambda/kubernetes.go:164.3,164.39 1 0
github.com/yue9944882/kubernetes-client-lambda/kubernetes.go:164.39,168.3 1 0
github.com/yue9944882/kubernetes-client-lambda/kubernetes.go:169.43,171.3 1 0
github.com/yue9944882/kubernetes-client-lambda/kubernetes.go:173.42,175.3 1 0
github.com/yue9944882/kubernetes-client-lambda/kubernetes.go:176.35,179.3 2 0
github.com/yue9944882/kubernetes-client-lambda/kubernetes.go:183.91,185.16 2 0
github.com/yue9944882/kubernetes-client-lambda/kubernetes.go:188.2,193.43 3 0
github.com/yue9944882/kubernetes-client-lambda/kubernetes.go:196.2,196.32 1 0
github.com/yue9944882/kubernetes-client-lambda/kubernetes.go:185.16,187.3 1 0
github.com/yue9944882/kubernetes-client-lambda/kubernetes.go:193.43,195.3 1 0
github.com/yue9944882/kubernetes-client-lambda/kubernetes.go:199.106,201.16 2 0
github.com/yue9944882/kubernetes-client-lambda/kubernetes.go:204.2,208.43 3 0
github.com/yue9944882/kubernetes-client-lambda/kubernetes.go:211.2,211.32 1 0
github.com/yue9944882/kubernetes-client-lambda/kubernetes.go:201.16,203.3 1 0
github.com/yue9944882/kubernetes-client-lambda/kubernetes.go:208.43,210.3 1 0
github.com/yue9944882/kubernetes-client-lambda/kubernetes.go:214.106,216.16 2 0
github.com/yue9944882/kubernetes-client-lambda/kubernetes.go:219.2,223.43 3 0
github.com/yue9944882/kubernetes-client-lambda/kubernetes.go:226.2,226.32 1 0
github.com/yue9944882/kubernetes-client-lambda/kubernetes.go:216.16,218.3 1 0
github.com/yue9944882/kubernetes-client-lambda/kubernetes.go:223.43,225.3 1 0
github.com/yue9944882/kubernetes-client-lambda/kubernetes.go:229.72,231.16 2 0
github.com/yue9944882/kubernetes-client-lambda/kubernetes.go:234.2,239.43 3 0
github.com/yue9944882/kubernetes-client-lambda/kubernetes.go:242.2,242.12 1 0
github.com/yue9944882/kubernetes-client-lambda/kubernetes.go:231.16,233.3 1 0
github.com/yue9944882/kubernetes-client-lambda/kubernetes.go:239.43,241.3 1 0
github.com/yue9944882/kubernetes-client-lambda/lambda.go:27.57,37.2 2 531
github.com/yue9944882/kubernetes-client-lambda/lambda.go:39.51,48.2 1 112
github.com/yue9944882/kubernetes-client-lambda/lambda.go:50.63,59.48 2 100
github.com/yue9944882/kubernetes-client-lambda/lambda.go:62.2,62.27 1 100
github.com/yue9944882/kubernetes-client-lambda/lambda.go:59.48,60.97 1 0
github.com/yue9944882/kubernetes-client-lambda/lambda.go:65.46,67.48 2 15
github.com/yue9944882/kubernetes-client-lambda/lambda.go:70.2,70.27 1 15
github.com/yue9944882/kubernetes-client-lambda/lambda.go:67.48,68.79 1 0
github.com/yue9944882/kubernetes-client-lambda/lambda.go:84.66,91.2 3 27
github.com/yue9944882/kubernetes-client-lambda/lambda.go:98.58,100.12 2 1
github.com/yue9944882/kubernetes-client-lambda/lambda.go:109.2,109.10 1 1
github.com/yue9944882/kubernetes-client-lambda/lambda.go:100.12,102.32 2 1
github.com/yue9944882/kubernetes-client-lambda/lambda.go:102.32,103.38 1 34
github.com/yue9944882/kubernetes-client-lambda/lambda.go:103.38,105.10 2 1
github.com/yue9944882/kubernetes-client-lambda/lambda.go:113.57,115.12 2 9
github.com/yue9944882/kubernetes-client-lambda/lambda.go:123.2,123.10 1 9
github.com/yue9944882/kubernetes-client-lambda/lambda.go:115.12,117.32 2 9
github.com/yue9944882/kubernetes-client-lambda/lambda.go:117.32,118.38 1 110
github.com/yue9944882/kubernetes-client-lambda/lambda.go:118.38,120.5 1 42
github.com/yue9944882/kubernetes-client-lambda/lambda.go:131.54,133.12 2 1
github.com/yue9944882/kubernetes-client-lambda/lambda.go:141.2,141.10 1 1
github.com/yue9944882/kubernetes-client-lambda/lambda.go:133.12,135.32 2 1
github.com/yue9944882/kubernetes-client-lambda/lambda.go:135.32,136.51 1 100
github.com/yue9944882/kubernetes-client-lambda/lambda.go:136.51,138.5 1 100
github.com/yue9944882/kubernetes-client-lambda/lambda.go:150.55,152.12 2 1
github.com/yue9944882/kubernetes-client-lambda/lambda.go:159.2,159.10 1 1
github.com/yue9944882/kubernetes-client-lambda/lambda.go:152.12,154.32 2 1
github.com/yue9944882/kubernetes-client-lambda/lambda.go:154.32,157.4 2 1
github.com/yue9944882/kubernetes-client-lambda/lambda.go:167.54,169.12 2 15
github.com/yue9944882/kubernetes-client-lambda/lambda.go:178.2,178.10 1 15
github.com/yue9944882/kubernetes-client-lambda/lambda.go:169.12,171.32 2 15
github.com/yue9944882/kubernetes-client-lambda/lambda.go:174.3,174.44 1 15
github.com/yue9944882/kubernetes-client-lambda/lambda.go:171.32,173.4 1 148
github.com/yue9944882/kubernetes-client-lambda/lambda.go:174.44,176.4 1 15
github.com/yue9944882/kubernetes-client-lambda/lambda.go:187.54,188.48 1 3
github.com/yue9944882/kubernetes-client-lambda/lambda.go:191.2,191.31 1 3
github.com/yue9944882/kubernetes-client-lambda/lambda.go:188.48,190.3 1 5
github.com/yue9944882/kubernetes-client-lambda/lambda.go:195.57,196.49 1 0
github.com/yue9944882/kubernetes-client-lambda/lambda.go:200.2,200.32 1 0
github.com/yue9944882/kubernetes-client-lambda/lambda.go:196.49,199.3 2 0
github.com/yue9944882/kubernetes-client-lambda/lambda.go:204.55,205.48 1 0
github.com/yue9944882/kubernetes-client-lambda/lambda.go:214.2,214.31 1 0
github.com/yue9944882/kubernetes-client-lambda/lambda.go:205.48,208.17 3 0
github.com/yue9944882/kubernetes-client-lambda/lambda.go:212.3,212.17 1 0
github.com/yue9944882/kubernetes-client-lambda/lambda.go:208.17,211.4 2 0
github.com/yue9944882/kubernetes-client-lambda/lambda.go:218.64,219.54 1 1
github.com/yue9944882/kubernetes-client-lambda/lambda.go:230.2,230.37 1 1
github.com/yue9944882/kubernetes-client-lambda/lambda.go:219.54,222.17 3 1
github.com/yue9944882/kubernetes-client-lambda/lambda.go:225.3,225.56 1 1
github.com/yue9944882/kubernetes-client-lambda/lambda.go:228.3,228.15 1 0
github.com/yue9944882/kubernetes-client-lambda/lambda.go:222.17,224.4 1 0
github.com/yue9944882/kubernetes-client-lambda/lambda.go:225.56,227.4 1 1
github.com/yue9944882/kubernetes-client-lambda/lambda.go:234.60,235.57 1 2
github.com/yue9944882/kubernetes-client-lambda/lambda.go:246.2,246.40 1 2
github.com/yue9944882/kubernetes-client-lambda/lambda.go:235.57,238.17 3 2
github.com/yue9944882/kubernetes-client-lambda/lambda.go:241.3,241.32 1 2
github.com/yue9944882/kubernetes-client-lambda/lambda.go:244.3,244.15 1 0
github.com/yue9944882/kubernetes-client-lambda/lambda.go:238.17,240.4 1 0
github.com/yue9944882/kubernetes-client-lambda/lambda.go:241.32,243.4 1 2
github.com/yue9944882/kubernetes-client-lambda/lambda.go:250.59,251.49 1 1
github.com/yue9944882/kubernetes-client-lambda/lambda.go:262.2,262.32 1 1
github.com/yue9944882/kubernetes-client-lambda/lambda.go:251.49,254.17 3 1
github.com/yue9944882/kubernetes-client-lambda/lambda.go:257.3,257.56 1 1
github.com/yue9944882/kubernetes-client-lambda/lambda.go:260.3,260.15 1 0
github.com/yue9944882/kubernetes-client-lambda/lambda.go:254.17,256.4 1 0
github.com/yue9944882/kubernetes-client-lambda/lambda.go:257.56,259.4 1 1
github.com/yue9944882/kubernetes-client-lambda/lambda.go:266.55,267.49 1 0
github.com/yue9944882/kubernetes-client-lambda/lambda.go:278.2,278.32 1 0
github.com/yue9944882/kubernetes-client-lambda/lambda.go:267.49,270.17 3 0
github.com/yue9944882/kubernetes-client-lambda/lambda.go:273.3,273.32 1 0
github.com/yue9944882/kubernetes-client-lambda/lambda.go:276.3,276.15 1 0
github.com/yue9944882/kubernetes-client-lambda/lambda.go:270.17,272.4 1 0
github.com/yue9944882/kubernetes-client-lambda/lambda.go:273.32,275.4 1 0
